<?xml version="1.0" encoding="UTF-8"?>
<Site BuildName="(empty)"
	BuildStamp="20250319-0206-Experimental"
	Name="nathan-MacBookPro"
	Generator="ctest-3.22.1"
	CompilerName="/usr/bin/c++"
	CompilerVersion="11.4.0"
	OSName="Linux"
	Hostname="nathan-MacBookPro"
	OSRelease="6.13.4-1-t2-jammy"
	OSVersion="#1 SMP PREEMPT_DYNAMIC Fri Feb 21 19:53:16 UTC 2025"
	OSPlatform="x86_64"
	Is64Bits="1"
	VendorString="GenuineIntel"
	VendorID="Intel Corporation"
	FamilyID="6"
	ModelID="142"
	ProcessorCacheSize="6144"
	NumberOfLogicalCPU="8"
	NumberOfPhysicalCPU="4"
	TotalVirtualMemory="2047"
	TotalPhysicalMemory="7792"
	LogicalProcessorsPerPhysical="2"
	ProcessorClockFrequency="3704.45"
	>
	<Testing>
		<StartDateTime>Mar 19 13:06 AEDT</StartDateTime>
		<StartTestTime>1742349981</StartTestTime>
		<TestList/>
		<EndDateTime>Mar 19 13:06 AEDT</EndDateTime>
		<EndTestTime>1742349981</EndTestTime>
		<ElapsedMinutes>0</ElapsedMinutes>
	</Testing>
</Site>
